<?xml version="1.0" encoding="UTF-8"?>
<!-- Generated by org.testng.reporters.JUnitReportReporter -->
<testsuite hostname="Dell" name="TestSuite.MonsterTest" tests="1" failures="0" timestamp="6 Apr 2017 15:12:54 GMT" time="0.323" errors="0">
  <testcase name="f" time="0.323" classname="TestSuite.MonsterTest"/>
</testsuite> <!-- TestSuite.MonsterTest -->
